2022-10-19 09:53:42,508 [1] INFO Microsoft.Hosting.Lifetime - Application started. Press Ctrl+C to shut down.
2022-10-19 09:53:42,530 [1] INFO Microsoft.Hosting.Lifetime - Hosting environment: Development
2022-10-19 09:53:42,532 [1] INFO Microsoft.Hosting.Lifetime - Content root path: E:\Corp\Skillwise\Hexaware\30Sep2022\Day11\MyFirstAPI\MyFirstAPI\
2022-10-19 09:53:59,353 [.NET ThreadPool Worker] INFO MyFirstAPI.Controllers.UserController - Login Hit
2022-10-19 09:54:00,540 [.NET ThreadPool Worker] INFO Microsoft.EntityFrameworkCore.Infrastructure - Entity Framework Core 6.0.10 initialized 'CompanyContext' using provider 'Microsoft.EntityFrameworkCore.SqlServer:6.0.10' with options: None
2022-10-19 09:54:01,411 [.NET ThreadPool Worker] INFO Microsoft.EntityFrameworkCore.Database.Command - Executed DbCommand (40ms) [Parameters=[], CommandType='Text', CommandTimeout='30']
SELECT COUNT(*)
FROM [Users] AS [u]
2022-10-19 09:54:01,508 [.NET ThreadPool Worker] INFO Microsoft.EntityFrameworkCore.Database.Command - Executed DbCommand (3ms) [Parameters=[], CommandType='Text', CommandTimeout='30']
SELECT [u].[Username], [u].[Key], [u].[PasswordHash], [u].[Role], [u].[Status]
FROM [Users] AS [u]
2022-10-19 09:55:20,405 [1] INFO Microsoft.Hosting.Lifetime - Application started. Press Ctrl+C to shut down.
2022-10-19 09:55:20,431 [1] INFO Microsoft.Hosting.Lifetime - Hosting environment: Development
2022-10-19 09:55:20,435 [1] INFO Microsoft.Hosting.Lifetime - Content root path: E:\Corp\Skillwise\Hexaware\30Sep2022\Day11\MyFirstAPI\MyFirstAPI\
2022-10-19 09:55:27,263 [.NET ThreadPool Worker] INFO MyFirstAPI.Controllers.UserController - Login Hit
2022-10-19 09:55:28,628 [.NET ThreadPool Worker] INFO Microsoft.EntityFrameworkCore.Infrastructure - Entity Framework Core 6.0.10 initialized 'CompanyContext' using provider 'Microsoft.EntityFrameworkCore.SqlServer:6.0.10' with options: None
2022-10-19 09:55:29,742 [.NET ThreadPool Worker] INFO Microsoft.EntityFrameworkCore.Database.Command - Executed DbCommand (73ms) [Parameters=[], CommandType='Text', CommandTimeout='30']
SELECT COUNT(*)
FROM [Users] AS [u]
2022-10-19 09:55:29,885 [.NET ThreadPool Worker] INFO Microsoft.EntityFrameworkCore.Database.Command - Executed DbCommand (6ms) [Parameters=[], CommandType='Text', CommandTimeout='30']
SELECT [u].[Username], [u].[Key], [u].[PasswordHash], [u].[Role], [u].[Status]
FROM [Users] AS [u]
2022-10-19 09:57:21,020 [1] INFO Microsoft.Hosting.Lifetime - Application started. Press Ctrl+C to shut down.
2022-10-19 09:57:21,040 [1] INFO Microsoft.Hosting.Lifetime - Hosting environment: Development
2022-10-19 09:57:21,042 [1] INFO Microsoft.Hosting.Lifetime - Content root path: E:\Corp\Skillwise\Hexaware\30Sep2022\Day11\MyFirstAPI\MyFirstAPI\
2022-10-19 09:58:49,424 [.NET ThreadPool Worker] INFO MyFirstAPI.Controllers.UserController - Login Hit
2022-10-19 09:58:50,736 [.NET ThreadPool Worker] INFO Microsoft.EntityFrameworkCore.Infrastructure - Entity Framework Core 6.0.10 initialized 'CompanyContext' using provider 'Microsoft.EntityFrameworkCore.SqlServer:6.0.10' with options: None
2022-10-19 09:58:51,677 [.NET ThreadPool Worker] INFO Microsoft.EntityFrameworkCore.Database.Command - Executed DbCommand (49ms) [Parameters=[], CommandType='Text', CommandTimeout='30']
SELECT COUNT(*)
FROM [Users] AS [u]
2022-10-19 09:58:51,786 [.NET ThreadPool Worker] INFO Microsoft.EntityFrameworkCore.Database.Command - Executed DbCommand (3ms) [Parameters=[], CommandType='Text', CommandTimeout='30']
SELECT [u].[Username], [u].[Key], [u].[PasswordHash], [u].[Role], [u].[Status]
FROM [Users] AS [u]
2022-10-27 12:13:39,111 [1] INFO Microsoft.Hosting.Lifetime - Application started. Press Ctrl+C to shut down.
2022-10-27 12:13:39,130 [1] INFO Microsoft.Hosting.Lifetime - Hosting environment: Development
2022-10-27 12:13:39,132 [1] INFO Microsoft.Hosting.Lifetime - Content root path: E:\Corp\Skillwise\Hexaware\30Sep2022\Day11\MyFirstAPI\MyFirstAPI\
2022-10-27 12:14:35,139 [.NET ThreadPool Worker] INFO Microsoft.EntityFrameworkCore.Infrastructure - Entity Framework Core 6.0.10 initialized 'CompanyContext' using provider 'Microsoft.EntityFrameworkCore.SqlServer:6.0.10' with options: None
2022-10-27 12:14:36,059 [.NET ThreadPool Worker] ERROR Microsoft.EntityFrameworkCore.Database.Command - Failed executing DbCommand (100ms) [Parameters=[@p0='?' (Size = 450), @p1='?' (Size = 8000) (DbType = Binary), @p2='?' (Size = 8000) (DbType = Binary), @p3='?' (Size = 4000), @p4='?' (Size = 4000)], CommandType='Text', CommandTimeout='30']
SET NOCOUNT ON;
INSERT INTO [Users] ([Username], [Key], [PasswordHash], [Role], [Status])
VALUES (@p0, @p1, @p2, @p3, @p4);
2022-10-27 12:14:36,182 [.NET ThreadPool Worker] ERROR Microsoft.EntityFrameworkCore.Update - An exception occurred in the database while saving changes for context type 'MyFirstAPI.Models.CompanyContext'.
Microsoft.EntityFrameworkCore.DbUpdateException: An error occurred while saving the entity changes. See the inner exception for details.
 ---> Microsoft.Data.SqlClient.SqlException (0x80131904): Cannot insert the value NULL into column 'Role', table 'dbCompany17Oct2022.dbo.Users'; column does not allow nulls. INSERT fails.
The statement has been terminated.
   at Microsoft.Data.SqlClient.SqlConnection.OnError(SqlException exception, Boolean breakConnection, Action`1 wrapCloseInAction)
   at Microsoft.Data.SqlClient.TdsParser.ThrowExceptionAndWarning(TdsParserStateObject stateObj, Boolean callerHasConnectionLock, Boolean asyncClose)
   at Microsoft.Data.SqlClient.TdsParser.TryRun(RunBehavior runBehavior, SqlCommand cmdHandler, SqlDataReader dataStream, BulkCopySimpleResultSet bulkCopyHandler, TdsParserStateObject stateObj, Boolean& dataReady)
   at Microsoft.Data.SqlClient.SqlDataReader.TryConsumeMetaData()
   at Microsoft.Data.SqlClient.SqlDataReader.get_MetaData()
   at Microsoft.Data.SqlClient.SqlCommand.FinishExecuteReader(SqlDataReader ds, RunBehavior runBehavior, String resetOptionsString, Boolean isInternal, Boolean forDescribeParameterEncryption, Boolean shouldCacheForAlwaysEncrypted)
   at Microsoft.Data.SqlClient.SqlCommand.RunExecuteReaderTds(CommandBehavior cmdBehavior, RunBehavior runBehavior, Boolean returnStream, Boolean isAsync, Int32 timeout, Task& task, Boolean asyncWrite, Boolean inRetry, SqlDataReader ds, Boolean describeParameterEncryptionRequest)
   at Microsoft.Data.SqlClient.SqlCommand.RunExecuteReader(CommandBehavior cmdBehavior, RunBehavior runBehavior, Boolean returnStream, TaskCompletionSource`1 completion, Int32 timeout, Task& task, Boolean& usedCache, Boolean asyncWrite, Boolean inRetry, String method)
   at Microsoft.Data.SqlClient.SqlCommand.ExecuteReader(CommandBehavior behavior)
   at Microsoft.EntityFrameworkCore.Storage.RelationalCommand.ExecuteReader(RelationalCommandParameterObject parameterObject)
   at Microsoft.EntityFrameworkCore.Update.ReaderModificationCommandBatch.Execute(IRelationalConnection connection)
ClientConnectionId:e8ba78e8-5eed-47ce-b921-668f9674bf79
Error Number:515,State:2,Class:16
   --- End of inner exception stack trace ---
   at Microsoft.EntityFrameworkCore.Update.ReaderModificationCommandBatch.Execute(IRelationalConnection connection)
   at Microsoft.EntityFrameworkCore.Update.Internal.BatchExecutor.Execute(IEnumerable`1 commandBatches, IRelationalConnection connection)
   at Microsoft.EntityFrameworkCore.ChangeTracking.Internal.StateManager.SaveChanges(IList`1 entriesToSave)
   at Microsoft.EntityFrameworkCore.ChangeTracking.Internal.StateManager.SaveChanges(StateManager stateManager, Boolean acceptAllChangesOnSuccess)
   at Microsoft.EntityFrameworkCore.SqlServer.Storage.Internal.SqlServerExecutionStrategy.Execute[TState,TResult](TState state, Func`3 operation, Func`3 verifySucceeded)
   at Microsoft.EntityFrameworkCore.ChangeTracking.Internal.StateManager.SaveChanges(Boolean acceptAllChangesOnSuccess)
   at Microsoft.EntityFrameworkCore.DbContext.SaveChanges(Boolean acceptAllChangesOnSuccess)
Microsoft.EntityFrameworkCore.DbUpdateException: An error occurred while saving the entity changes. See the inner exception for details.
 ---> Microsoft.Data.SqlClient.SqlException (0x80131904): Cannot insert the value NULL into column 'Role', table 'dbCompany17Oct2022.dbo.Users'; column does not allow nulls. INSERT fails.
The statement has been terminated.
   at Microsoft.Data.SqlClient.SqlConnection.OnError(SqlException exception, Boolean breakConnection, Action`1 wrapCloseInAction)
   at Microsoft.Data.SqlClient.TdsParser.ThrowExceptionAndWarning(TdsParserStateObject stateObj, Boolean callerHasConnectionLock, Boolean asyncClose)
   at Microsoft.Data.SqlClient.TdsParser.TryRun(RunBehavior runBehavior, SqlCommand cmdHandler, SqlDataReader dataStream, BulkCopySimpleResultSet bulkCopyHandler, TdsParserStateObject stateObj, Boolean& dataReady)
   at Microsoft.Data.SqlClient.SqlDataReader.TryConsumeMetaData()
   at Microsoft.Data.SqlClient.SqlDataReader.get_MetaData()
   at Microsoft.Data.SqlClient.SqlCommand.FinishExecuteReader(SqlDataReader ds, RunBehavior runBehavior, String resetOptionsString, Boolean isInternal, Boolean forDescribeParameterEncryption, Boolean shouldCacheForAlwaysEncrypted)
   at Microsoft.Data.SqlClient.SqlCommand.RunExecuteReaderTds(CommandBehavior cmdBehavior, RunBehavior runBehavior, Boolean returnStream, Boolean isAsync, Int32 timeout, Task& task, Boolean asyncWrite, Boolean inRetry, SqlDataReader ds, Boolean describeParameterEncryptionRequest)
   at Microsoft.Data.SqlClient.SqlCommand.RunExecuteReader(CommandBehavior cmdBehavior, RunBehavior runBehavior, Boolean returnStream, TaskCompletionSource`1 completion, Int32 timeout, Task& task, Boolean& usedCache, Boolean asyncWrite, Boolean inRetry, String method)
   at Microsoft.Data.SqlClient.SqlCommand.ExecuteReader(CommandBehavior behavior)
   at Microsoft.EntityFrameworkCore.Storage.RelationalCommand.ExecuteReader(RelationalCommandParameterObject parameterObject)
   at Microsoft.EntityFrameworkCore.Update.ReaderModificationCommandBatch.Execute(IRelationalConnection connection)
ClientConnectionId:e8ba78e8-5eed-47ce-b921-668f9674bf79
Error Number:515,State:2,Class:16
   --- End of inner exception stack trace ---
   at Microsoft.EntityFrameworkCore.Update.ReaderModificationCommandBatch.Execute(IRelationalConnection connection)
   at Microsoft.EntityFrameworkCore.Update.Internal.BatchExecutor.Execute(IEnumerable`1 commandBatches, IRelationalConnection connection)
   at Microsoft.EntityFrameworkCore.ChangeTracking.Internal.StateManager.SaveChanges(IList`1 entriesToSave)
   at Microsoft.EntityFrameworkCore.ChangeTracking.Internal.StateManager.SaveChanges(StateManager stateManager, Boolean acceptAllChangesOnSuccess)
   at Microsoft.EntityFrameworkCore.SqlServer.Storage.Internal.SqlServerExecutionStrategy.Execute[TState,TResult](TState state, Func`3 operation, Func`3 verifySucceeded)
   at Microsoft.EntityFrameworkCore.ChangeTracking.Internal.StateManager.SaveChanges(Boolean acceptAllChangesOnSuccess)
   at Microsoft.EntityFrameworkCore.DbContext.SaveChanges(Boolean acceptAllChangesOnSuccess)
2022-10-27 12:15:12,888 [1] INFO Microsoft.Hosting.Lifetime - Application started. Press Ctrl+C to shut down.
2022-10-27 12:15:12,906 [1] INFO Microsoft.Hosting.Lifetime - Hosting environment: Development
2022-10-27 12:15:12,909 [1] INFO Microsoft.Hosting.Lifetime - Content root path: E:\Corp\Skillwise\Hexaware\30Sep2022\Day11\MyFirstAPI\MyFirstAPI\
2022-10-27 12:16:04,835 [.NET ThreadPool Worker] INFO Microsoft.EntityFrameworkCore.Infrastructure - Entity Framework Core 6.0.10 initialized 'CompanyContext' using provider 'Microsoft.EntityFrameworkCore.SqlServer:6.0.10' with options: None
2022-10-27 12:16:05,575 [.NET ThreadPool Worker] INFO Microsoft.EntityFrameworkCore.Database.Command - Executed DbCommand (63ms) [Parameters=[@p0='?' (Size = 450), @p1='?' (Size = 8000) (DbType = Binary), @p2='?' (Size = 8000) (DbType = Binary), @p3='?' (Size = 4000), @p4='?' (Size = 4000)], CommandType='Text', CommandTimeout='30']
SET NOCOUNT ON;
INSERT INTO [Users] ([Username], [Key], [PasswordHash], [Role], [Status])
VALUES (@p0, @p1, @p2, @p3, @p4);
2022-10-27 12:16:40,364 [.NET ThreadPool Worker] INFO Microsoft.EntityFrameworkCore.Infrastructure - Entity Framework Core 6.0.10 initialized 'CompanyContext' using provider 'Microsoft.EntityFrameworkCore.SqlServer:6.0.10' with options: None
2022-10-27 12:16:40,392 [.NET ThreadPool Worker] ERROR Microsoft.EntityFrameworkCore.Database.Command - Failed executing DbCommand (7ms) [Parameters=[@p0='?' (Size = 450), @p1='?' (Size = 8000) (DbType = Binary), @p2='?' (Size = 8000) (DbType = Binary), @p3='?' (Size = 4000), @p4='?' (Size = 4000)], CommandType='Text', CommandTimeout='30']
SET NOCOUNT ON;
INSERT INTO [Users] ([Username], [Key], [PasswordHash], [Role], [Status])
VALUES (@p0, @p1, @p2, @p3, @p4);
2022-10-27 12:16:40,468 [.NET ThreadPool Worker] ERROR Microsoft.EntityFrameworkCore.Update - An exception occurred in the database while saving changes for context type 'MyFirstAPI.Models.CompanyContext'.
Microsoft.EntityFrameworkCore.DbUpdateException: An error occurred while saving the entity changes. See the inner exception for details.
 ---> Microsoft.Data.SqlClient.SqlException (0x80131904): Cannot insert the value NULL into column 'Status', table 'dbCompany17Oct2022.dbo.Users'; column does not allow nulls. INSERT fails.
The statement has been terminated.
   at Microsoft.Data.SqlClient.SqlConnection.OnError(SqlException exception, Boolean breakConnection, Action`1 wrapCloseInAction)
   at Microsoft.Data.SqlClient.TdsParser.ThrowExceptionAndWarning(TdsParserStateObject stateObj, Boolean callerHasConnectionLock, Boolean asyncClose)
   at Microsoft.Data.SqlClient.TdsParser.TryRun(RunBehavior runBehavior, SqlCommand cmdHandler, SqlDataReader dataStream, BulkCopySimpleResultSet bulkCopyHandler, TdsParserStateObject stateObj, Boolean& dataReady)
   at Microsoft.Data.SqlClient.SqlDataReader.TryConsumeMetaData()
   at Microsoft.Data.SqlClient.SqlDataReader.get_MetaData()
   at Microsoft.Data.SqlClient.SqlCommand.FinishExecuteReader(SqlDataReader ds, RunBehavior runBehavior, String resetOptionsString, Boolean isInternal, Boolean forDescribeParameterEncryption, Boolean shouldCacheForAlwaysEncrypted)
   at Microsoft.Data.SqlClient.SqlCommand.RunExecuteReaderTds(CommandBehavior cmdBehavior, RunBehavior runBehavior, Boolean returnStream, Boolean isAsync, Int32 timeout, Task& task, Boolean asyncWrite, Boolean inRetry, SqlDataReader ds, Boolean describeParameterEncryptionRequest)
   at Microsoft.Data.SqlClient.SqlCommand.RunExecuteReader(CommandBehavior cmdBehavior, RunBehavior runBehavior, Boolean returnStream, TaskCompletionSource`1 completion, Int32 timeout, Task& task, Boolean& usedCache, Boolean asyncWrite, Boolean inRetry, String method)
   at Microsoft.Data.SqlClient.SqlCommand.ExecuteReader(CommandBehavior behavior)
   at Microsoft.EntityFrameworkCore.Storage.RelationalCommand.ExecuteReader(RelationalCommandParameterObject parameterObject)
   at Microsoft.EntityFrameworkCore.Update.ReaderModificationCommandBatch.Execute(IRelationalConnection connection)
ClientConnectionId:dd279b42-98a4-40eb-ad49-95b8245369c2
Error Number:515,State:2,Class:16
   --- End of inner exception stack trace ---
   at Microsoft.EntityFrameworkCore.Update.ReaderModificationCommandBatch.Execute(IRelationalConnection connection)
   at Microsoft.EntityFrameworkCore.Update.Internal.BatchExecutor.Execute(IEnumerable`1 commandBatches, IRelationalConnection connection)
   at Microsoft.EntityFrameworkCore.ChangeTracking.Internal.StateManager.SaveChanges(IList`1 entriesToSave)
   at Microsoft.EntityFrameworkCore.ChangeTracking.Internal.StateManager.SaveChanges(StateManager stateManager, Boolean acceptAllChangesOnSuccess)
   at Microsoft.EntityFrameworkCore.SqlServer.Storage.Internal.SqlServerExecutionStrategy.Execute[TState,TResult](TState state, Func`3 operation, Func`3 verifySucceeded)
   at Microsoft.EntityFrameworkCore.ChangeTracking.Internal.StateManager.SaveChanges(Boolean acceptAllChangesOnSuccess)
   at Microsoft.EntityFrameworkCore.DbContext.SaveChanges(Boolean acceptAllChangesOnSuccess)
Microsoft.EntityFrameworkCore.DbUpdateException: An error occurred while saving the entity changes. See the inner exception for details.
 ---> Microsoft.Data.SqlClient.SqlException (0x80131904): Cannot insert the value NULL into column 'Status', table 'dbCompany17Oct2022.dbo.Users'; column does not allow nulls. INSERT fails.
The statement has been terminated.
   at Microsoft.Data.SqlClient.SqlConnection.OnError(SqlException exception, Boolean breakConnection, Action`1 wrapCloseInAction)
   at Microsoft.Data.SqlClient.TdsParser.ThrowExceptionAndWarning(TdsParserStateObject stateObj, Boolean callerHasConnectionLock, Boolean asyncClose)
   at Microsoft.Data.SqlClient.TdsParser.TryRun(RunBehavior runBehavior, SqlCommand cmdHandler, SqlDataReader dataStream, BulkCopySimpleResultSet bulkCopyHandler, TdsParserStateObject stateObj, Boolean& dataReady)
   at Microsoft.Data.SqlClient.SqlDataReader.TryConsumeMetaData()
   at Microsoft.Data.SqlClient.SqlDataReader.get_MetaData()
   at Microsoft.Data.SqlClient.SqlCommand.FinishExecuteReader(SqlDataReader ds, RunBehavior runBehavior, String resetOptionsString, Boolean isInternal, Boolean forDescribeParameterEncryption, Boolean shouldCacheForAlwaysEncrypted)
   at Microsoft.Data.SqlClient.SqlCommand.RunExecuteReaderTds(CommandBehavior cmdBehavior, RunBehavior runBehavior, Boolean returnStream, Boolean isAsync, Int32 timeout, Task& task, Boolean asyncWrite, Boolean inRetry, SqlDataReader ds, Boolean describeParameterEncryptionRequest)
   at Microsoft.Data.SqlClient.SqlCommand.RunExecuteReader(CommandBehavior cmdBehavior, RunBehavior runBehavior, Boolean returnStream, TaskCompletionSource`1 completion, Int32 timeout, Task& task, Boolean& usedCache, Boolean asyncWrite, Boolean inRetry, String method)
   at Microsoft.Data.SqlClient.SqlCommand.ExecuteReader(CommandBehavior behavior)
   at Microsoft.EntityFrameworkCore.Storage.RelationalCommand.ExecuteReader(RelationalCommandParameterObject parameterObject)
   at Microsoft.EntityFrameworkCore.Update.ReaderModificationCommandBatch.Execute(IRelationalConnection connection)
ClientConnectionId:dd279b42-98a4-40eb-ad49-95b8245369c2
Error Number:515,State:2,Class:16
   --- End of inner exception stack trace ---
   at Microsoft.EntityFrameworkCore.Update.ReaderModificationCommandBatch.Execute(IRelationalConnection connection)
   at Microsoft.EntityFrameworkCore.Update.Internal.BatchExecutor.Execute(IEnumerable`1 commandBatches, IRelationalConnection connection)
   at Microsoft.EntityFrameworkCore.ChangeTracking.Internal.StateManager.SaveChanges(IList`1 entriesToSave)
   at Microsoft.EntityFrameworkCore.ChangeTracking.Internal.StateManager.SaveChanges(StateManager stateManager, Boolean acceptAllChangesOnSuccess)
   at Microsoft.EntityFrameworkCore.SqlServer.Storage.Internal.SqlServerExecutionStrategy.Execute[TState,TResult](TState state, Func`3 operation, Func`3 verifySucceeded)
   at Microsoft.EntityFrameworkCore.ChangeTracking.Internal.StateManager.SaveChanges(Boolean acceptAllChangesOnSuccess)
   at Microsoft.EntityFrameworkCore.DbContext.SaveChanges(Boolean acceptAllChangesOnSuccess)
2022-10-27 12:16:49,513 [1] INFO Microsoft.Hosting.Lifetime - Application started. Press Ctrl+C to shut down.
2022-10-27 12:16:49,532 [1] INFO Microsoft.Hosting.Lifetime - Hosting environment: Development
2022-10-27 12:16:49,534 [1] INFO Microsoft.Hosting.Lifetime - Content root path: E:\Corp\Skillwise\Hexaware\30Sep2022\Day11\MyFirstAPI\MyFirstAPI\
2022-10-27 12:17:43,262 [.NET ThreadPool Worker] INFO Microsoft.EntityFrameworkCore.Infrastructure - Entity Framework Core 6.0.10 initialized 'CompanyContext' using provider 'Microsoft.EntityFrameworkCore.SqlServer:6.0.10' with options: None
2022-10-27 12:17:43,970 [.NET ThreadPool Worker] INFO Microsoft.EntityFrameworkCore.Database.Command - Executed DbCommand (64ms) [Parameters=[@p0='?' (Size = 450), @p1='?' (Size = 8000) (DbType = Binary), @p2='?' (Size = 8000) (DbType = Binary), @p3='?' (Size = 4000), @p4='?' (Size = 4000)], CommandType='Text', CommandTimeout='30']
SET NOCOUNT ON;
INSERT INTO [Users] ([Username], [Key], [PasswordHash], [Role], [Status])
VALUES (@p0, @p1, @p2, @p3, @p4);
2022-10-27 12:25:20,110 [1] INFO Microsoft.Hosting.Lifetime - Application started. Press Ctrl+C to shut down.
2022-10-27 12:25:20,129 [1] INFO Microsoft.Hosting.Lifetime - Hosting environment: Development
2022-10-27 12:25:20,132 [1] INFO Microsoft.Hosting.Lifetime - Content root path: E:\Corp\Skillwise\Hexaware\30Sep2022\Day11\MyFirstAPI\MyFirstAPI\
2022-10-27 12:30:01,031 [1] INFO Microsoft.Hosting.Lifetime - Application started. Press Ctrl+C to shut down.
2022-10-27 12:30:01,049 [1] INFO Microsoft.Hosting.Lifetime - Hosting environment: Development
2022-10-27 12:30:01,052 [1] INFO Microsoft.Hosting.Lifetime - Content root path: E:\Corp\Skillwise\Hexaware\30Sep2022\Day11\MyFirstAPI\MyFirstAPI\
2022-10-27 12:33:07,650 [1] INFO Microsoft.Hosting.Lifetime - Application started. Press Ctrl+C to shut down.
2022-10-27 12:33:07,668 [1] INFO Microsoft.Hosting.Lifetime - Hosting environment: Development
2022-10-27 12:33:07,670 [1] INFO Microsoft.Hosting.Lifetime - Content root path: E:\Corp\Skillwise\Hexaware\30Sep2022\Day11\MyFirstAPI\MyFirstAPI\
2022-10-27 12:33:47,904 [1] INFO Microsoft.Hosting.Lifetime - Application started. Press Ctrl+C to shut down.
2022-10-27 12:33:47,925 [1] INFO Microsoft.Hosting.Lifetime - Hosting environment: Development
2022-10-27 12:33:47,928 [1] INFO Microsoft.Hosting.Lifetime - Content root path: E:\Corp\Skillwise\Hexaware\30Sep2022\Day11\MyFirstAPI\MyFirstAPI\
2022-10-27 12:38:17,505 [1] INFO Microsoft.Hosting.Lifetime - Application started. Press Ctrl+C to shut down.
2022-10-27 12:38:17,526 [1] INFO Microsoft.Hosting.Lifetime - Hosting environment: Development
2022-10-27 12:38:17,529 [1] INFO Microsoft.Hosting.Lifetime - Content root path: E:\Corp\Skillwise\Hexaware\30Sep2022\Day11\MyFirstAPI\MyFirstAPI\
2022-10-27 12:40:30,395 [.NET ThreadPool Worker] INFO Microsoft.EntityFrameworkCore.Infrastructure - Entity Framework Core 6.0.10 initialized 'CompanyContext' using provider 'Microsoft.EntityFrameworkCore.SqlServer:6.0.10' with options: None
2022-10-27 12:40:30,966 [.NET ThreadPool Worker] INFO Microsoft.EntityFrameworkCore.Database.Command - Executed DbCommand (48ms) [Parameters=[@p0='?' (Size = 450), @p1='?' (Size = 8000) (DbType = Binary), @p2='?' (Size = 8000) (DbType = Binary), @p3='?' (Size = 4000), @p4='?' (Size = 4000)], CommandType='Text', CommandTimeout='30']
SET NOCOUNT ON;
INSERT INTO [Users] ([Username], [Key], [PasswordHash], [Role], [Status])
VALUES (@p0, @p1, @p2, @p3, @p4);
2022-10-27 12:41:17,442 [.NET ThreadPool Worker] INFO Microsoft.EntityFrameworkCore.Infrastructure - Entity Framework Core 6.0.10 initialized 'CompanyContext' using provider 'Microsoft.EntityFrameworkCore.SqlServer:6.0.10' with options: None
2022-10-27 12:41:17,452 [.NET ThreadPool Worker] INFO Microsoft.EntityFrameworkCore.Database.Command - Executed DbCommand (2ms) [Parameters=[@p0='?' (Size = 450), @p1='?' (Size = 8000) (DbType = Binary), @p2='?' (Size = 8000) (DbType = Binary), @p3='?' (Size = 4000), @p4='?' (Size = 4000)], CommandType='Text', CommandTimeout='30']
SET NOCOUNT ON;
INSERT INTO [Users] ([Username], [Key], [PasswordHash], [Role], [Status])
VALUES (@p0, @p1, @p2, @p3, @p4);
2022-10-27 12:41:59,094 [.NET ThreadPool Worker] INFO MyFirstAPI.Controllers.UserController - Login Hit
2022-10-27 12:41:59,117 [.NET ThreadPool Worker] INFO Microsoft.EntityFrameworkCore.Infrastructure - Entity Framework Core 6.0.10 initialized 'CompanyContext' using provider 'Microsoft.EntityFrameworkCore.SqlServer:6.0.10' with options: None
2022-10-27 12:41:59,696 [.NET ThreadPool Worker] INFO Microsoft.EntityFrameworkCore.Database.Command - Executed DbCommand (11ms) [Parameters=[], CommandType='Text', CommandTimeout='30']
SELECT COUNT(*)
FROM [Users] AS [u]
2022-10-27 12:41:59,769 [.NET ThreadPool Worker] INFO Microsoft.EntityFrameworkCore.Database.Command - Executed DbCommand (3ms) [Parameters=[], CommandType='Text', CommandTimeout='30']
SELECT [u].[Username], [u].[Key], [u].[PasswordHash], [u].[Role], [u].[Status]
FROM [Users] AS [u]
2022-10-27 14:38:15,981 [1] INFO Microsoft.Hosting.Lifetime - Application started. Press Ctrl+C to shut down.
2022-10-27 14:38:15,997 [1] INFO Microsoft.Hosting.Lifetime - Hosting environment: Development
2022-10-27 14:38:15,999 [1] INFO Microsoft.Hosting.Lifetime - Content root path: E:\Corp\Skillwise\Hexaware\30Sep2022\Day11\MyFirstAPI\MyFirstAPI\
2022-10-28 10:06:05,308 [1] INFO Microsoft.Hosting.Lifetime - Application started. Press Ctrl+C to shut down.
2022-10-28 10:06:05,328 [1] INFO Microsoft.Hosting.Lifetime - Hosting environment: Development
2022-10-28 10:06:05,330 [1] INFO Microsoft.Hosting.Lifetime - Content root path: E:\Corp\Skillwise\Hexaware\30Sep2022\Day11\MyFirstAPI\MyFirstAPI\
2022-10-28 10:12:03,065 [.NET ThreadPool Worker] INFO Microsoft.EntityFrameworkCore.Infrastructure - Entity Framework Core 6.0.10 initialized 'CompanyContext' using provider 'Microsoft.EntityFrameworkCore.SqlServer:6.0.10' with options: None
2022-10-28 10:12:03,964 [.NET ThreadPool Worker] INFO Microsoft.EntityFrameworkCore.Database.Command - Executed DbCommand (103ms) [Parameters=[@p0='?' (Size = 450), @p1='?' (Size = 8000) (DbType = Binary), @p2='?' (Size = 8000) (DbType = Binary), @p3='?' (Size = 4000), @p4='?' (Size = 4000)], CommandType='Text', CommandTimeout='30']
SET NOCOUNT ON;
INSERT INTO [Users] ([Username], [Key], [PasswordHash], [Role], [Status])
VALUES (@p0, @p1, @p2, @p3, @p4);
2022-10-28 10:14:45,459 [.NET ThreadPool Worker] INFO Microsoft.EntityFrameworkCore.Infrastructure - Entity Framework Core 6.0.10 initialized 'CompanyContext' using provider 'Microsoft.EntityFrameworkCore.SqlServer:6.0.10' with options: None
2022-10-28 10:14:45,469 [.NET ThreadPool Worker] INFO Microsoft.EntityFrameworkCore.Database.Command - Executed DbCommand (3ms) [Parameters=[@p0='?' (Size = 450), @p1='?' (Size = 8000) (DbType = Binary), @p2='?' (Size = 8000) (DbType = Binary), @p3='?' (Size = 4000), @p4='?' (Size = 4000)], CommandType='Text', CommandTimeout='30']
SET NOCOUNT ON;
INSERT INTO [Users] ([Username], [Key], [PasswordHash], [Role], [Status])
VALUES (@p0, @p1, @p2, @p3, @p4);
2022-10-28 10:16:17,166 [.NET ThreadPool Worker] INFO Microsoft.EntityFrameworkCore.Infrastructure - Entity Framework Core 6.0.10 initialized 'CompanyContext' using provider 'Microsoft.EntityFrameworkCore.SqlServer:6.0.10' with options: None
2022-10-28 10:16:17,176 [.NET ThreadPool Worker] INFO Microsoft.EntityFrameworkCore.Database.Command - Executed DbCommand (3ms) [Parameters=[@p0='?' (Size = 450), @p1='?' (Size = 8000) (DbType = Binary), @p2='?' (Size = 8000) (DbType = Binary), @p3='?' (Size = 4000), @p4='?' (Size = 4000)], CommandType='Text', CommandTimeout='30']
SET NOCOUNT ON;
INSERT INTO [Users] ([Username], [Key], [PasswordHash], [Role], [Status])
VALUES (@p0, @p1, @p2, @p3, @p4);
2022-10-28 10:16:39,540 [.NET ThreadPool Worker] INFO Microsoft.EntityFrameworkCore.Infrastructure - Entity Framework Core 6.0.10 initialized 'CompanyContext' using provider 'Microsoft.EntityFrameworkCore.SqlServer:6.0.10' with options: None
2022-10-28 10:16:39,561 [.NET ThreadPool Worker] ERROR Microsoft.EntityFrameworkCore.Database.Command - Failed executing DbCommand (10ms) [Parameters=[@p0='?' (Size = 450), @p1='?' (Size = 8000) (DbType = Binary), @p2='?' (Size = 8000) (DbType = Binary), @p3='?' (Size = 4000), @p4='?' (Size = 4000)], CommandType='Text', CommandTimeout='30']
SET NOCOUNT ON;
INSERT INTO [Users] ([Username], [Key], [PasswordHash], [Role], [Status])
VALUES (@p0, @p1, @p2, @p3, @p4);
2022-10-28 10:16:39,678 [.NET ThreadPool Worker] ERROR Microsoft.EntityFrameworkCore.Update - An exception occurred in the database while saving changes for context type 'MyFirstAPI.Models.CompanyContext'.
Microsoft.EntityFrameworkCore.DbUpdateException: An error occurred while saving the entity changes. See the inner exception for details.
 ---> Microsoft.Data.SqlClient.SqlException (0x80131904): Violation of PRIMARY KEY constraint 'PK_Users'. Cannot insert duplicate key in object 'dbo.Users'. The duplicate key value is (Lomu).
The statement has been terminated.
   at Microsoft.Data.SqlClient.SqlConnection.OnError(SqlException exception, Boolean breakConnection, Action`1 wrapCloseInAction)
   at Microsoft.Data.SqlClient.TdsParser.ThrowExceptionAndWarning(TdsParserStateObject stateObj, Boolean callerHasConnectionLock, Boolean asyncClose)
   at Microsoft.Data.SqlClient.TdsParser.TryRun(RunBehavior runBehavior, SqlCommand cmdHandler, SqlDataReader dataStream, BulkCopySimpleResultSet bulkCopyHandler, TdsParserStateObject stateObj, Boolean& dataReady)
   at Microsoft.Data.SqlClient.SqlDataReader.TryConsumeMetaData()
   at Microsoft.Data.SqlClient.SqlDataReader.get_MetaData()
   at Microsoft.Data.SqlClient.SqlCommand.FinishExecuteReader(SqlDataReader ds, RunBehavior runBehavior, String resetOptionsString, Boolean isInternal, Boolean forDescribeParameterEncryption, Boolean shouldCacheForAlwaysEncrypted)
   at Microsoft.Data.SqlClient.SqlCommand.RunExecuteReaderTds(CommandBehavior cmdBehavior, RunBehavior runBehavior, Boolean returnStream, Boolean isAsync, Int32 timeout, Task& task, Boolean asyncWrite, Boolean inRetry, SqlDataReader ds, Boolean describeParameterEncryptionRequest)
   at Microsoft.Data.SqlClient.SqlCommand.RunExecuteReader(CommandBehavior cmdBehavior, RunBehavior runBehavior, Boolean returnStream, TaskCompletionSource`1 completion, Int32 timeout, Task& task, Boolean& usedCache, Boolean asyncWrite, Boolean inRetry, String method)
   at Microsoft.Data.SqlClient.SqlCommand.ExecuteReader(CommandBehavior behavior)
   at Microsoft.EntityFrameworkCore.Storage.RelationalCommand.ExecuteReader(RelationalCommandParameterObject parameterObject)
   at Microsoft.EntityFrameworkCore.Update.ReaderModificationCommandBatch.Execute(IRelationalConnection connection)
ClientConnectionId:95e91072-b72e-4ded-93e2-c1b88b72c031
Error Number:2627,State:1,Class:14
   --- End of inner exception stack trace ---
   at Microsoft.EntityFrameworkCore.Update.ReaderModificationCommandBatch.Execute(IRelationalConnection connection)
   at Microsoft.EntityFrameworkCore.Update.Internal.BatchExecutor.Execute(IEnumerable`1 commandBatches, IRelationalConnection connection)
   at Microsoft.EntityFrameworkCore.ChangeTracking.Internal.StateManager.SaveChanges(IList`1 entriesToSave)
   at Microsoft.EntityFrameworkCore.ChangeTracking.Internal.StateManager.SaveChanges(StateManager stateManager, Boolean acceptAllChangesOnSuccess)
   at Microsoft.EntityFrameworkCore.SqlServer.Storage.Internal.SqlServerExecutionStrategy.Execute[TState,TResult](TState state, Func`3 operation, Func`3 verifySucceeded)
   at Microsoft.EntityFrameworkCore.ChangeTracking.Internal.StateManager.SaveChanges(Boolean acceptAllChangesOnSuccess)
   at Microsoft.EntityFrameworkCore.DbContext.SaveChanges(Boolean acceptAllChangesOnSuccess)
Microsoft.EntityFrameworkCore.DbUpdateException: An error occurred while saving the entity changes. See the inner exception for details.
 ---> Microsoft.Data.SqlClient.SqlException (0x80131904): Violation of PRIMARY KEY constraint 'PK_Users'. Cannot insert duplicate key in object 'dbo.Users'. The duplicate key value is (Lomu).
The statement has been terminated.
   at Microsoft.Data.SqlClient.SqlConnection.OnError(SqlException exception, Boolean breakConnection, Action`1 wrapCloseInAction)
   at Microsoft.Data.SqlClient.TdsParser.ThrowExceptionAndWarning(TdsParserStateObject stateObj, Boolean callerHasConnectionLock, Boolean asyncClose)
   at Microsoft.Data.SqlClient.TdsParser.TryRun(RunBehavior runBehavior, SqlCommand cmdHandler, SqlDataReader dataStream, BulkCopySimpleResultSet bulkCopyHandler, TdsParserStateObject stateObj, Boolean& dataReady)
   at Microsoft.Data.SqlClient.SqlDataReader.TryConsumeMetaData()
   at Microsoft.Data.SqlClient.SqlDataReader.get_MetaData()
   at Microsoft.Data.SqlClient.SqlCommand.FinishExecuteReader(SqlDataReader ds, RunBehavior runBehavior, String resetOptionsString, Boolean isInternal, Boolean forDescribeParameterEncryption, Boolean shouldCacheForAlwaysEncrypted)
   at Microsoft.Data.SqlClient.SqlCommand.RunExecuteReaderTds(CommandBehavior cmdBehavior, RunBehavior runBehavior, Boolean returnStream, Boolean isAsync, Int32 timeout, Task& task, Boolean asyncWrite, Boolean inRetry, SqlDataReader ds, Boolean describeParameterEncryptionRequest)
   at Microsoft.Data.SqlClient.SqlCommand.RunExecuteReader(CommandBehavior cmdBehavior, RunBehavior runBehavior, Boolean returnStream, TaskCompletionSource`1 completion, Int32 timeout, Task& task, Boolean& usedCache, Boolean asyncWrite, Boolean inRetry, String method)
   at Microsoft.Data.SqlClient.SqlCommand.ExecuteReader(CommandBehavior behavior)
   at Microsoft.EntityFrameworkCore.Storage.RelationalCommand.ExecuteReader(RelationalCommandParameterObject parameterObject)
   at Microsoft.EntityFrameworkCore.Update.ReaderModificationCommandBatch.Execute(IRelationalConnection connection)
ClientConnectionId:95e91072-b72e-4ded-93e2-c1b88b72c031
Error Number:2627,State:1,Class:14
   --- End of inner exception stack trace ---
   at Microsoft.EntityFrameworkCore.Update.ReaderModificationCommandBatch.Execute(IRelationalConnection connection)
   at Microsoft.EntityFrameworkCore.Update.Internal.BatchExecutor.Execute(IEnumerable`1 commandBatches, IRelationalConnection connection)
   at Microsoft.EntityFrameworkCore.ChangeTracking.Internal.StateManager.SaveChanges(IList`1 entriesToSave)
   at Microsoft.EntityFrameworkCore.ChangeTracking.Internal.StateManager.SaveChanges(StateManager stateManager, Boolean acceptAllChangesOnSuccess)
   at Microsoft.EntityFrameworkCore.SqlServer.Storage.Internal.SqlServerExecutionStrategy.Execute[TState,TResult](TState state, Func`3 operation, Func`3 verifySucceeded)
   at Microsoft.EntityFrameworkCore.ChangeTracking.Internal.StateManager.SaveChanges(Boolean acceptAllChangesOnSuccess)
   at Microsoft.EntityFrameworkCore.DbContext.SaveChanges(Boolean acceptAllChangesOnSuccess)
2022-10-28 10:16:51,234 [1] INFO Microsoft.Hosting.Lifetime - Application started. Press Ctrl+C to shut down.
2022-10-28 10:16:51,252 [1] INFO Microsoft.Hosting.Lifetime - Hosting environment: Development
2022-10-28 10:16:51,255 [1] INFO Microsoft.Hosting.Lifetime - Content root path: E:\Corp\Skillwise\Hexaware\30Sep2022\Day11\MyFirstAPI\MyFirstAPI\
2022-10-28 10:17:02,103 [.NET ThreadPool Worker] INFO Microsoft.EntityFrameworkCore.Infrastructure - Entity Framework Core 6.0.10 initialized 'CompanyContext' using provider 'Microsoft.EntityFrameworkCore.SqlServer:6.0.10' with options: None
2022-10-28 10:17:02,596 [.NET ThreadPool Worker] INFO Microsoft.EntityFrameworkCore.Database.Command - Executed DbCommand (47ms) [Parameters=[@p0='?' (Size = 450), @p1='?' (Size = 8000) (DbType = Binary), @p2='?' (Size = 8000) (DbType = Binary), @p3='?' (Size = 4000), @p4='?' (Size = 4000)], CommandType='Text', CommandTimeout='30']
SET NOCOUNT ON;
INSERT INTO [Users] ([Username], [Key], [PasswordHash], [Role], [Status])
VALUES (@p0, @p1, @p2, @p3, @p4);
2022-10-28 10:18:20,221 [.NET ThreadPool Worker] INFO Microsoft.EntityFrameworkCore.Infrastructure - Entity Framework Core 6.0.10 initialized 'CompanyContext' using provider 'Microsoft.EntityFrameworkCore.SqlServer:6.0.10' with options: None
2022-10-28 10:18:20,228 [.NET ThreadPool Worker] INFO Microsoft.EntityFrameworkCore.Database.Command - Executed DbCommand (1ms) [Parameters=[@p0='?' (Size = 450), @p1='?' (Size = 8000) (DbType = Binary), @p2='?' (Size = 8000) (DbType = Binary), @p3='?' (Size = 4000), @p4='?' (Size = 4000)], CommandType='Text', CommandTimeout='30']
SET NOCOUNT ON;
INSERT INTO [Users] ([Username], [Key], [PasswordHash], [Role], [Status])
VALUES (@p0, @p1, @p2, @p3, @p4);
2022-10-28 10:18:51,466 [.NET ThreadPool Worker] INFO Microsoft.EntityFrameworkCore.Infrastructure - Entity Framework Core 6.0.10 initialized 'CompanyContext' using provider 'Microsoft.EntityFrameworkCore.SqlServer:6.0.10' with options: None
2022-10-28 10:18:51,473 [.NET ThreadPool Worker] INFO Microsoft.EntityFrameworkCore.Database.Command - Executed DbCommand (0ms) [Parameters=[@p0='?' (Size = 450), @p1='?' (Size = 8000) (DbType = Binary), @p2='?' (Size = 8000) (DbType = Binary), @p3='?' (Size = 4000), @p4='?' (Size = 4000)], CommandType='Text', CommandTimeout='30']
SET NOCOUNT ON;
INSERT INTO [Users] ([Username], [Key], [PasswordHash], [Role], [Status])
VALUES (@p0, @p1, @p2, @p3, @p4);
2022-10-28 10:20:20,764 [.NET ThreadPool Worker] INFO Microsoft.EntityFrameworkCore.Infrastructure - Entity Framework Core 6.0.10 initialized 'CompanyContext' using provider 'Microsoft.EntityFrameworkCore.SqlServer:6.0.10' with options: None
2022-10-28 10:20:20,771 [.NET ThreadPool Worker] INFO Microsoft.EntityFrameworkCore.Database.Command - Executed DbCommand (4ms) [Parameters=[@p0='?' (Size = 450), @p1='?' (Size = 8000) (DbType = Binary), @p2='?' (Size = 8000) (DbType = Binary), @p3='?' (Size = 4000), @p4='?' (Size = 4000)], CommandType='Text', CommandTimeout='30']
SET NOCOUNT ON;
INSERT INTO [Users] ([Username], [Key], [PasswordHash], [Role], [Status])
VALUES (@p0, @p1, @p2, @p3, @p4);
2022-10-28 12:43:18,457 [.NET ThreadPool Worker] INFO Microsoft.EntityFrameworkCore.Infrastructure - Entity Framework Core 6.0.10 initialized 'CompanyContext' using provider 'Microsoft.EntityFrameworkCore.SqlServer:6.0.10' with options: None
2022-10-28 12:43:18,534 [.NET ThreadPool Worker] INFO Microsoft.EntityFrameworkCore.Database.Command - Executed DbCommand (6ms) [Parameters=[@p0='?' (Size = 450), @p1='?' (Size = 8000) (DbType = Binary), @p2='?' (Size = 8000) (DbType = Binary), @p3='?' (Size = 4000), @p4='?' (Size = 4000)], CommandType='Text', CommandTimeout='30']
SET NOCOUNT ON;
INSERT INTO [Users] ([Username], [Key], [PasswordHash], [Role], [Status])
VALUES (@p0, @p1, @p2, @p3, @p4);
2022-10-28 14:39:48,149 [.NET ThreadPool Worker] INFO Microsoft.EntityFrameworkCore.Infrastructure - Entity Framework Core 6.0.10 initialized 'CompanyContext' using provider 'Microsoft.EntityFrameworkCore.SqlServer:6.0.10' with options: None
2022-10-28 14:39:48,218 [.NET ThreadPool Worker] INFO Microsoft.EntityFrameworkCore.Database.Command - Executed DbCommand (4ms) [Parameters=[@p0='?' (Size = 450), @p1='?' (Size = 8000) (DbType = Binary), @p2='?' (Size = 8000) (DbType = Binary), @p3='?' (Size = 4000), @p4='?' (Size = 4000)], CommandType='Text', CommandTimeout='30']
SET NOCOUNT ON;
INSERT INTO [Users] ([Username], [Key], [PasswordHash], [Role], [Status])
VALUES (@p0, @p1, @p2, @p3, @p4);
2022-10-28 14:41:12,079 [.NET ThreadPool Worker] INFO Microsoft.EntityFrameworkCore.Infrastructure - Entity Framework Core 6.0.10 initialized 'CompanyContext' using provider 'Microsoft.EntityFrameworkCore.SqlServer:6.0.10' with options: None
2022-10-28 14:41:12,119 [.NET ThreadPool Worker] INFO Microsoft.EntityFrameworkCore.Database.Command - Executed DbCommand (2ms) [Parameters=[@p0='?' (Size = 450), @p1='?' (Size = 8000) (DbType = Binary), @p2='?' (Size = 8000) (DbType = Binary), @p3='?' (Size = 4000), @p4='?' (Size = 4000)], CommandType='Text', CommandTimeout='30']
SET NOCOUNT ON;
INSERT INTO [Users] ([Username], [Key], [PasswordHash], [Role], [Status])
VALUES (@p0, @p1, @p2, @p3, @p4);
2022-10-31 10:07:04,923 [1] INFO Microsoft.Hosting.Lifetime - Application started. Press Ctrl+C to shut down.
2022-10-31 10:07:04,967 [1] INFO Microsoft.Hosting.Lifetime - Hosting environment: Development
2022-10-31 10:07:04,969 [1] INFO Microsoft.Hosting.Lifetime - Content root path: E:\Corp\Skillwise\Hexaware\30Sep2022\Day11\MyFirstAPI\MyFirstAPI\
2022-10-31 10:39:19,877 [.NET ThreadPool Worker] INFO Microsoft.EntityFrameworkCore.Infrastructure - Entity Framework Core 6.0.10 initialized 'CompanyContext' using provider 'Microsoft.EntityFrameworkCore.SqlServer:6.0.10' with options: None
2022-10-31 10:39:20,577 [.NET ThreadPool Worker] INFO Microsoft.EntityFrameworkCore.Database.Command - Executed DbCommand (51ms) [Parameters=[@p0='?' (Size = 450), @p1='?' (Size = 8000) (DbType = Binary), @p2='?' (Size = 8000) (DbType = Binary), @p3='?' (Size = 4000), @p4='?' (Size = 4000)], CommandType='Text', CommandTimeout='30']
SET NOCOUNT ON;
INSERT INTO [Users] ([Username], [Key], [PasswordHash], [Role], [Status])
VALUES (@p0, @p1, @p2, @p3, @p4);
2022-11-02 10:19:16,697 [1] INFO Microsoft.EntityFrameworkCore.Infrastructure - Entity Framework Core 6.0.10 initialized 'CompanyContext' using provider 'Microsoft.EntityFrameworkCore.SqlServer:6.0.10' with options: None
2022-11-02 10:19:27,208 [1] INFO Microsoft.EntityFrameworkCore.Infrastructure - Entity Framework Core 6.0.10 initialized 'CompanyContext' using provider 'Microsoft.EntityFrameworkCore.SqlServer:6.0.10' with options: None
2022-11-02 10:20:02,328 [1] INFO Microsoft.EntityFrameworkCore.Infrastructure - Entity Framework Core 6.0.10 initialized 'CompanyContext' using provider 'Microsoft.EntityFrameworkCore.SqlServer:6.0.10' with options: None
2022-11-02 10:22:28,734 [1] INFO Microsoft.EntityFrameworkCore.Infrastructure - Entity Framework Core 6.0.10 initialized 'CompanyContext' using provider 'Microsoft.EntityFrameworkCore.SqlServer:6.0.10' with options: None
2022-11-02 10:22:30,704 [1] INFO Microsoft.EntityFrameworkCore.Database.Command - Executed DbCommand (262ms) [Parameters=[], CommandType='Text', CommandTimeout='30']
SELECT 1
2022-11-02 10:22:30,983 [1] INFO Microsoft.EntityFrameworkCore.Database.Command - Executed DbCommand (259ms) [Parameters=[], CommandType='Text', CommandTimeout='30']
SELECT OBJECT_ID(N'[__EFMigrationsHistory]');
2022-11-02 10:22:31,217 [1] INFO Microsoft.EntityFrameworkCore.Database.Command - Executed DbCommand (232ms) [Parameters=[], CommandType='Text', CommandTimeout='30']
SELECT 1
2022-11-02 10:22:31,662 [1] INFO Microsoft.EntityFrameworkCore.Database.Command - Executed DbCommand (238ms) [Parameters=[], CommandType='Text', CommandTimeout='30']
CREATE TABLE [__EFMigrationsHistory] (
    [MigrationId] nvarchar(150) NOT NULL,
    [ProductVersion] nvarchar(32) NOT NULL,
    CONSTRAINT [PK___EFMigrationsHistory] PRIMARY KEY ([MigrationId])
);
2022-11-02 10:22:31,896 [1] INFO Microsoft.EntityFrameworkCore.Database.Command - Executed DbCommand (232ms) [Parameters=[], CommandType='Text', CommandTimeout='30']
SELECT 1
2022-11-02 10:22:32,134 [1] INFO Microsoft.EntityFrameworkCore.Database.Command - Executed DbCommand (237ms) [Parameters=[], CommandType='Text', CommandTimeout='30']
SELECT OBJECT_ID(N'[__EFMigrationsHistory]');
2022-11-02 10:22:32,378 [1] INFO Microsoft.EntityFrameworkCore.Database.Command - Executed DbCommand (240ms) [Parameters=[], CommandType='Text', CommandTimeout='30']
SELECT [MigrationId], [ProductVersion]
FROM [__EFMigrationsHistory]
ORDER BY [MigrationId];
2022-11-02 10:22:32,411 [1] INFO Microsoft.EntityFrameworkCore.Migrations - Applying migration '20221102044917_init'.
2022-11-02 10:22:32,976 [1] INFO Microsoft.EntityFrameworkCore.Database.Command - Executed DbCommand (234ms) [Parameters=[], CommandType='Text', CommandTimeout='30']
CREATE TABLE [Departments] (
    [Dep_Id] int NOT NULL IDENTITY,
    [DepartmentName] nvarchar(max) NOT NULL,
    CONSTRAINT [PK_Departments] PRIMARY KEY ([Dep_Id])
);
2022-11-02 10:22:33,210 [1] INFO Microsoft.EntityFrameworkCore.Database.Command - Executed DbCommand (233ms) [Parameters=[], CommandType='Text', CommandTimeout='30']
CREATE TABLE [Users] (
    [Username] nvarchar(450) NOT NULL,
    [PasswordHash] varbinary(max) NULL,
    [Key] varbinary(max) NULL,
    [Role] nvarchar(max) NULL,
    [Status] nvarchar(max) NULL,
    CONSTRAINT [PK_Users] PRIMARY KEY ([Username])
);
2022-11-02 10:22:33,443 [1] INFO Microsoft.EntityFrameworkCore.Database.Command - Executed DbCommand (232ms) [Parameters=[], CommandType='Text', CommandTimeout='30']
CREATE TABLE [Employees] (
    [Id] int NOT NULL IDENTITY,
    [Name] nvarchar(max) NOT NULL,
    [Salary] real NOT NULL,
    [DepartmentId] int NOT NULL,
    [Username] nvarchar(450) NULL,
    CONSTRAINT [PK_Employees] PRIMARY KEY ([Id]),
    CONSTRAINT [FK_Employees_Departments_DepartmentId] FOREIGN KEY ([DepartmentId]) REFERENCES [Departments] ([Dep_Id]) ON DELETE CASCADE,
    CONSTRAINT [FK_Employees_Users_Username] FOREIGN KEY ([Username]) REFERENCES [Users] ([Username])
);
2022-11-02 10:22:33,714 [1] INFO Microsoft.EntityFrameworkCore.Database.Command - Executed DbCommand (271ms) [Parameters=[], CommandType='Text', CommandTimeout='30']
IF EXISTS (SELECT * FROM [sys].[identity_columns] WHERE [name] IN (N'Dep_Id', N'DepartmentName') AND [object_id] = OBJECT_ID(N'[Departments]'))
    SET IDENTITY_INSERT [Departments] ON;
INSERT INTO [Departments] ([Dep_Id], [DepartmentName])
VALUES (1, N'Admin');
IF EXISTS (SELECT * FROM [sys].[identity_columns] WHERE [name] IN (N'Dep_Id', N'DepartmentName') AND [object_id] = OBJECT_ID(N'[Departments]'))
    SET IDENTITY_INSERT [Departments] OFF;
2022-11-02 10:22:33,957 [1] INFO Microsoft.EntityFrameworkCore.Database.Command - Executed DbCommand (242ms) [Parameters=[], CommandType='Text', CommandTimeout='30']
IF EXISTS (SELECT * FROM [sys].[identity_columns] WHERE [name] IN (N'Id', N'DepartmentId', N'Name', N'Salary', N'Username') AND [object_id] = OBJECT_ID(N'[Employees]'))
    SET IDENTITY_INSERT [Employees] ON;
INSERT INTO [Employees] ([Id], [DepartmentId], [Name], [Salary], [Username])
VALUES (101, 1, N'Ramu', CAST(12345.54 AS real), NULL);
IF EXISTS (SELECT * FROM [sys].[identity_columns] WHERE [name] IN (N'Id', N'DepartmentId', N'Name', N'Salary', N'Username') AND [object_id] = OBJECT_ID(N'[Employees]'))
    SET IDENTITY_INSERT [Employees] OFF;
2022-11-02 10:22:34,723 [1] INFO Microsoft.EntityFrameworkCore.Database.Command - Executed DbCommand (238ms) [Parameters=[], CommandType='Text', CommandTimeout='30']
IF EXISTS (SELECT * FROM [sys].[identity_columns] WHERE [name] IN (N'Id', N'DepartmentId', N'Name', N'Salary', N'Username') AND [object_id] = OBJECT_ID(N'[Employees]'))
    SET IDENTITY_INSERT [Employees] ON;
INSERT INTO [Employees] ([Id], [DepartmentId], [Name], [Salary], [Username])
VALUES (102, 1, N'Somu', CAST(34535.54 AS real), NULL);
IF EXISTS (SELECT * FROM [sys].[identity_columns] WHERE [name] IN (N'Id', N'DepartmentId', N'Name', N'Salary', N'Username') AND [object_id] = OBJECT_ID(N'[Employees]'))
    SET IDENTITY_INSERT [Employees] OFF;
2022-11-02 10:22:36,513 [1] INFO Microsoft.EntityFrameworkCore.Database.Command - Executed DbCommand (241ms) [Parameters=[], CommandType='Text', CommandTimeout='30']
CREATE INDEX [IX_Employees_DepartmentId] ON [Employees] ([DepartmentId]);
2022-11-02 10:22:36,746 [1] INFO Microsoft.EntityFrameworkCore.Database.Command - Executed DbCommand (232ms) [Parameters=[], CommandType='Text', CommandTimeout='30']
CREATE INDEX [IX_Employees_Username] ON [Employees] ([Username]);
2022-11-02 10:22:36,980 [1] INFO Microsoft.EntityFrameworkCore.Database.Command - Executed DbCommand (234ms) [Parameters=[], CommandType='Text', CommandTimeout='30']
INSERT INTO [__EFMigrationsHistory] ([MigrationId], [ProductVersion])
VALUES (N'20221102044917_init', N'6.0.10');
2022-11-02 10:23:54,076 [1] INFO Microsoft.Hosting.Lifetime - Application started. Press Ctrl+C to shut down.
2022-11-02 10:23:54,120 [1] INFO Microsoft.Hosting.Lifetime - Hosting environment: Development
2022-11-02 10:23:54,124 [1] INFO Microsoft.Hosting.Lifetime - Content root path: E:\Corp\Skillwise\Hexaware\30Sep2022\Day11\MyFirstAPI\MyFirstAPI\
2022-11-02 10:24:35,114 [.NET ThreadPool Worker] INFO Microsoft.EntityFrameworkCore.Infrastructure - Entity Framework Core 6.0.10 initialized 'CompanyContext' using provider 'Microsoft.EntityFrameworkCore.SqlServer:6.0.10' with options: None
2022-11-02 10:24:38,654 [.NET ThreadPool Worker] INFO Microsoft.EntityFrameworkCore.Database.Command - Executed DbCommand (410ms) [Parameters=[@p0='?' (Size = 450), @p1='?' (Size = 8000) (DbType = Binary), @p2='?' (Size = 8000) (DbType = Binary), @p3='?' (Size = 4000), @p4='?' (Size = 4000)], CommandType='Text', CommandTimeout='30']
SET NOCOUNT ON;
INSERT INTO [Users] ([Username], [Key], [PasswordHash], [Role], [Status])
VALUES (@p0, @p1, @p2, @p3, @p4);
2022-11-02 10:25:17,698 [.NET ThreadPool Worker] INFO MyFirstAPI.Controllers.UserController - Login Hit
2022-11-02 10:25:17,864 [.NET ThreadPool Worker] INFO Microsoft.EntityFrameworkCore.Infrastructure - Entity Framework Core 6.0.10 initialized 'CompanyContext' using provider 'Microsoft.EntityFrameworkCore.SqlServer:6.0.10' with options: None
2022-11-02 10:25:19,556 [.NET ThreadPool Worker] INFO Microsoft.EntityFrameworkCore.Database.Command - Executed DbCommand (265ms) [Parameters=[], CommandType='Text', CommandTimeout='30']
SELECT COUNT(*)
FROM [Users] AS [u]
2022-11-02 10:25:19,969 [.NET ThreadPool Worker] INFO Microsoft.EntityFrameworkCore.Database.Command - Executed DbCommand (241ms) [Parameters=[], CommandType='Text', CommandTimeout='30']
SELECT [u].[Username], [u].[Key], [u].[PasswordHash], [u].[Role], [u].[Status]
FROM [Users] AS [u]
